(venv) ➜  pdf-extraction git:(master) ./convert_pdfs.sh 
./convert_pdfs.sh: line 13: convert: command not found
Tesseract Open Source OCR Engine v4.1.1 with Leptonica
Error, cannot read input file 20200715_Health.tiff: No such file or directory
Error during processing.
./convert_pdfs.sh: line 13: convert: command not found
Tesseract Open Source OCR Engine v4.1.1 with Leptonica
Error, cannot read input file Assessment.tiff: No such file or directory
Error during processing.
./convert_pdfs.sh: line 13: convert: command not found
Tesseract Open Source OCR Engine v4.1.1 with Leptonica
Error, cannot read input file For.tiff: No such file or directory
Error during processing.
./convert_pdfs.sh: line 13: convert: command not found
Tesseract Open Source OCR Engine v4.1.1 with Leptonica
Error, cannot read input file Women.tiff: No such file or directory
Error during processing.
./convert_pdfs.sh: line 13: convert: command not found
Tesseract Open Source OCR Engine v4.1.1 with Leptonica
Error, cannot read input file (Female.tiff: No such file or directory
Error during processing.
./convert_pdfs.sh: line 13: convert: command not found
Tesseract Open Source OCR Engine v4.1.1 with Leptonica
Error, cannot read input file Symptom.tiff: No such file or directory
Error during processing.
./convert_pdfs.sh: line 13: convert: command not found
Tesseract Open Source OCR Engine v4.1.1 with Leptonica
Error, cannot read input file Questionnai.tiff: No such file or directory
Error during processing.
./convert_pdfs.sh: line 13: convert: command not found
Tesseract Open Source OCR Engine v4.1.1 with Leptonica
Error, cannot read input file 20200703_Avastin.tiff: No such file or directory
Error during processing.
./convert_pdfs.sh: line 13: convert: command not found
Tesseract Open Source OCR Engine v4.1.1 with Leptonica
Error, cannot read input file ®.tiff: No such file or directory
Error during processing.
./convert_pdfs.sh: line 13: convert: command not found
Tesseract Open Source OCR Engine v4.1.1 with Leptonica
Error, cannot read input file 20200715_Atezolizumab.tiff: No such file or directory
Error during processing.
./convert_pdfs.sh: line 13: convert: command not found
Tesseract Open Source OCR Engine v4.1.1 with Leptonica
Error, cannot read input file 20190404_ORDER.tiff: No such file or directory
Error during processing.
./convert_pdfs.sh: line 13: convert: command not found
Tesseract Open Source OCR Engine v4.1.1 with Leptonica
Error, cannot read input file FORM_001.tiff: No such file or directory
Error during processing.
./convert_pdfs.sh: line 13: convert: command not found
Tesseract Open Source OCR Engine v4.1.1 with Leptonica
Error, cannot read input file 20200617_III.tiff: No such file or directory
Error during processing.
./convert_pdfs.sh: line 13: convert: command not found
Tesseract Open Source OCR Engine v4.1.1 with Leptonica
Error, cannot read input file III.tiff: No such file or directory
Error during processing.
./convert_pdfs.sh: line 13: convert: command not found
Tesseract Open Source OCR Engine v4.1.1 with Leptonica
Error, cannot read input file mil.tiff: No such file or directory
Error during processing.
./convert_pdfs.sh: line 13: convert: command not found
Tesseract Open Source OCR Engine v4.1.1 with Leptonica
Error, cannot read input file 11II.tiff: No such file or directory
Error during processing.
./convert_pdfs.sh: line 13: convert: command not found
Tesseract Open Source OCR Engine v4.1.1 with Leptonica
Error, cannot read input file III!.tiff: No such file or directory
Error during processing.
./convert_pdfs.sh: line 13: convert: command not found
Tesseract Open Source OCR Engine v4.1.1 with Leptonica
Error, cannot read input file IIII.tiff: No such file or directory
Error during processing.
./convert_pdfs.sh: line 13: convert: command not found
Tesseract Open Source OCR Engine v4.1.1 with Leptonica
Error, cannot read input file III.tiff: No such file or directory
Error during processing.
./convert_pdfs.sh: line 13: convert: command not found
Tesseract Open Source OCR Engine v4.1.1 with Leptonica
Error, cannot read input file 111.tiff: No such file or directory
Error during processing.
./convert_pdfs.sh: line 13: convert: command not found
Tesseract Open Source OCR Engine v4.1.1 with Leptonica
Error, cannot read input file mil.tiff: No such file or directory
Error during processing.
./convert_pdfs.sh: line 13: convert: command not found
Tesseract Open Source OCR Engine v4.1.1 with Leptonica
Error, cannot read input file IIIIII.tiff: No such file or directory
Error during processing.
./convert_pdfs.sh: line 13: convert: command not found
Tesseract Open Source OCR Engine v4.1.1 with Leptonica
Error, cannot read input file III.tiff: No such file or directory
Error during processing.
./convert_pdfs.sh: line 13: convert: command not found
Tesseract Open Source OCR Engine v4.1.1 with Leptonica
Error, cannot read input file 20200715_MPV.tiff: No such file or directory
Error during processing.
./convert_pdfs.sh: line 13: convert: command not found
Tesseract Open Source OCR Engine v4.1.1 with Leptonica
Error, cannot read input file 20200715_Dear.tiff: No such file or directory
Error during processing.
./convert_pdfs.sh: line 13: convert: command not found
Tesseract Open Source OCR Engine v4.1.1 with Leptonica
Error, cannot read input file Mr..tiff: No such file or directory
Error during processing.
./convert_pdfs.sh: line 13: convert: command not found
Tesseract Open Source OCR Engine v4.1.1 with Leptonica
Error, cannot read input file Laurrell.tiff: No such file or directory
Error during processing.
./convert_pdfs.sh: line 13: convert: command not found
Tesseract Open Source OCR Engine v4.1.1 with Leptonica
Error, cannot read input file Thank.tiff: No such file or directory
Error during processing.
./convert_pdfs.sh: line 13: convert: command not found
Tesseract Open Source OCR Engine v4.1.1 with Leptonica
Error, cannot read input file you.tiff: No such file or directory
Error during processing.
./convert_pdfs.sh: line 13: convert: command not found
Tesseract Open Source OCR Engine v4.1.1 with Leptonica
Error, cannot read input file for.tiff: No such file or directory
Error during processing.
./convert_pdfs.sh: line 13: convert: command not found
Tesseract Open Source OCR Engine v4.1.1 with Leptonica
Error, cannot read input file talking.tiff: No such file or directory
Error during processing.
./convert_pdfs.sh: line 13: convert: command not found
Tesseract Open Source OCR Engine v4.1.1 with Leptonica
Error, cannot read input file with.tiff: No such file or directory
Error during processing.
./convert_pdfs.sh: line 13: convert: command not found
Tesseract Open Source OCR Engine v4.1.1 with Leptonica
Error, cannot read input file me.tiff: No such file or directory
Error during processing.
./convert_pdfs.sh: line 13: convert: command not found
Tesseract Open Source OCR Engine v4.1.1 with Leptonica
Error, cannot read input file on.tiff: No such file or directory
Error during processing.
./convert_pdfs.sh: line 13: convert: command not found
Tesseract Open Source OCR Engine v4.1.1 with Leptonica
Error, cannot read input file July.tiff: No such file or directory
Error during processing.
./convert_pdfs.sh: line 13: convert: command not found
Tesseract Open Source OCR Engine v4.1.1 with Leptonica
Error, cannot read input file 20200715_ED.tiff: No such file or directory
Error during processing.
./convert_pdfs.sh: line 13: convert: command not found
Tesseract Open Source OCR Engine v4.1.1 with Leptonica
Error, cannot read input file to.tiff: No such file or directory
Error during processing.
./convert_pdfs.sh: line 13: convert: command not found
Tesseract Open Source OCR Engine v4.1.1 with Leptonica
Error, cannot read input file Hosp-Admission.tiff: No such file or directory
Error during processing.
./convert_pdfs.sh: line 13: convert: command not found
Tesseract Open Source OCR Engine v4.1.1 with Leptonica
Error, cannot read input file (Discharged).tiff: No such file or directory
Error during processing.
./convert_pdfs.sh: line 13: convert: command not found
Tesseract Open Source OCR Engine v4.1.1 with Leptonica
Error, cannot read input file on.tiff: No such file or directory
Error during processing.
./convert_pdfs.sh: line 13: convert: command not found
Tesseract Open Source OCR Engine v4.1.1 with Leptonica
Error, cannot read input file 672020.tiff: No such file or directory
Error during processing.
./convert_pdfs.sh: line 13: convert: command not found
Tesseract Open Source OCR Engine v4.1.1 with Leptonica
Error, cannot read input file 20200715_Phone.tiff: No such file or directory
Error during processing.
./convert_pdfs.sh: line 13: convert: command not found
Tesseract Open Source OCR Engine v4.1.1 with Leptonica
Error, cannot read input file Triage.tiff: No such file or directory
Error during processing.
./convert_pdfs.sh: line 13: convert: command not found
Tesseract Open Source OCR Engine v4.1.1 with Leptonica
Error, cannot read input file Nurse.tiff: No such file or directory
Error during processing.
./convert_pdfs.sh: line 13: convert: command not found
Tesseract Open Source OCR Engine v4.1.1 with Leptonica
Error, cannot read input file 20200617_III.tiff: No such file or directory
Error during processing.
./convert_pdfs.sh: line 13: convert: command not found
Tesseract Open Source OCR Engine v4.1.1 with Leptonica
Error, cannot read input file III.tiff: No such file or directory
Error during processing.
./convert_pdfs.sh: line 13: convert: command not found
Tesseract Open Source OCR Engine v4.1.1 with Leptonica
Error, cannot read input file mil.tiff: No such file or directory
Error during processing.
./convert_pdfs.sh: line 13: convert: command not found
Tesseract Open Source OCR Engine v4.1.1 with Leptonica
Error, cannot read input file 11II.tiff: No such file or directory
Error during processing.
./convert_pdfs.sh: line 13: convert: command not found
Tesseract Open Source OCR Engine v4.1.1 with Leptonica
Error, cannot read input file III!.tiff: No such file or directory
Error during processing.
./convert_pdfs.sh: line 13: convert: command not found
Tesseract Open Source OCR Engine v4.1.1 with Leptonica
Error, cannot read input file IIII.tiff: No such file or directory
Error during processing.
./convert_pdfs.sh: line 13: convert: command not found
Tesseract Open Source OCR Engine v4.1.1 with Leptonica
Error, cannot read input file III.tiff: No such file or directory
Error during processing.
./convert_pdfs.sh: line 13: convert: command not found
Tesseract Open Source OCR Engine v4.1.1 with Leptonica
Error, cannot read input file 111.tiff: No such file or directory
Error during processing.
./convert_pdfs.sh: line 13: convert: command not found
Tesseract Open Source OCR Engine v4.1.1 with Leptonica
Error, cannot read input file mil.tiff: No such file or directory
Error during processing.
./convert_pdfs.sh: line 13: convert: command not found
Tesseract Open Source OCR Engine v4.1.1 with Leptonica
Error, cannot read input file IIIIII.tiff: No such file or directory
Error during processing.
./convert_pdfs.sh: line 13: convert: command not found
Tesseract Open Source OCR Engine v4.1.1 with Leptonica
Error, cannot read input file III_001.tiff: No such file or directory
Error during processing.
./convert_pdfs.sh: line 13: convert: command not found
Tesseract Open Source OCR Engine v4.1.1 with Leptonica
Error, cannot read input file 20200715_FAX.tiff: No such file or directory
Error during processing.
./convert_pdfs.sh: line 13: convert: command not found
Tesseract Open Source OCR Engine v4.1.1 with Leptonica
Error, cannot read input file MESSAGE.tiff: No such file or directory
Error during processing.
rm: 20200715_Health.tiff: No such file or directory
rm: Assessment.tiff: No such file or directory
rm: For.tiff: No such file or directory
rm: Women.tiff: No such file or directory
rm: (Female.tiff: No such file or directory
rm: Symptom.tiff: No such file or directory
rm: Questionnai.tiff: No such file or directory
rm: 20200703_Avastin.tiff: No such file or directory
rm: ®.tiff: No such file or directory
rm: 20200715_Atezolizumab.tiff: No such file or directory
rm: 20190404_ORDER.tiff: No such file or directory
rm: FORM_001.tiff: No such file or directory
rm: 20200617_III.tiff: No such file or directory
rm: III.tiff: No such file or directory
rm: mil.tiff: No such file or directory
rm: 11II.tiff: No such file or directory
rm: III!.tiff: No such file or directory
rm: IIII.tiff: No such file or directory
rm: III.tiff: No such file or directory
rm: 111.tiff: No such file or directory
rm: mil.tiff: No such file or directory
rm: IIIIII.tiff: No such file or directory
rm: III.tiff: No such file or directory
rm: 20200715_MPV.tiff: No such file or directory
rm: 20200715_Dear.tiff: No such file or directory
rm: Mr..tiff: No such file or directory
rm: Laurrell.tiff: No such file or directory
rm: Thank.tiff: No such file or directory
rm: you.tiff: No such file or directory
rm: for.tiff: No such file or directory
rm: talking.tiff: No such file or directory
rm: with.tiff: No such file or directory
rm: me.tiff: No such file or directory
rm: on.tiff: No such file or directory
rm: July.tiff: No such file or directory
rm: 20200715_ED.tiff: No such file or directory
rm: to.tiff: No such file or directory
rm: Hosp-Admission.tiff: No such file or directory
rm: (Discharged).tiff: No such file or directory
rm: on.tiff: No such file or directory
rm: 672020.tiff: No such file or directory
rm: 20200715_Phone.tiff: No such file or directory
rm: Triage.tiff: No such file or directory
rm: Nurse.tiff: No such file or directory
rm: 20200617_III.tiff: No such file or directory
rm: III.tiff: No such file or directory
rm: mil.tiff: No such file or directory
rm: 11II.tiff: No such file or directory
rm: III!.tiff: No such file or directory
rm: IIII.tiff: No such file or directory
rm: III.tiff: No such file or directory
rm: 111.tiff: No such file or directory
rm: mil.tiff: No such file or directory
rm: IIIIII.tiff: No such file or directory
rm: III_001.tiff: No such file or directory
rm: 20200715_FAX.tiff: No such file or directory
rm: MESSAGE.tiff: No such file or directory
./convert_pdfs.sh: line 25: unexpected EOF while looking for matching `''
./convert_pdfs.sh: line 27: syntax error: unexpected end of file
(venv) ➜  pdf-extraction git:(master) ✗ sh convert_pdfs.sh 
convert_pdfs.sh: line 13: convert: command not found
Tesseract Open Source OCR Engine v4.1.1 with Leptonica
Error, cannot read input file 20200715_Health.tiff: No such file or directory
Error during processing.
convert_pdfs.sh: line 13: convert: command not found
Tesseract Open Source OCR Engine v4.1.1 with Leptonica
Error, cannot read input file Assessment.tiff: No such file or directory
Error during processing.
convert_pdfs.sh: line 13: convert: command not found
Tesseract Open Source OCR Engine v4.1.1 with Leptonica
Error, cannot read input file For.tiff: No such file or directory
Error during processing.
convert_pdfs.sh: line 13: convert: command not found
Tesseract Open Source OCR Engine v4.1.1 with Leptonica
Error, cannot read input file Women.tiff: No such file or directory
Error during processing.
convert_pdfs.sh: line 13: convert: command not found
Tesseract Open Source OCR Engine v4.1.1 with Leptonica
Error, cannot read input file (Female.tiff: No such file or directory
Error during processing.
convert_pdfs.sh: line 13: convert: command not found
Tesseract Open Source OCR Engine v4.1.1 with Leptonica
Error, cannot read input file Symptom.tiff: No such file or directory
Error during processing.
convert_pdfs.sh: line 13: convert: command not found
Tesseract Open Source OCR Engine v4.1.1 with Leptonica
Error, cannot read input file Questionnai.tiff: No such file or directory
Error during processing.
convert_pdfs.sh: line 13: convert: command not found
Tesseract Open Source OCR Engine v4.1.1 with Leptonica
Error, cannot read input file 20200703_Avastin.tiff: No such file or directory
Error during processing.
convert_pdfs.sh: line 13: convert: command not found
Tesseract Open Source OCR Engine v4.1.1 with Leptonica
Error, cannot read input file ®.tiff: No such file or directory
Error during processing.
convert_pdfs.sh: line 13: convert: command not found
Tesseract Open Source OCR Engine v4.1.1 with Leptonica
Error, cannot read input file 20200715_Atezolizumab.tiff: No such file or directory
Error during processing.
convert_pdfs.sh: line 13: convert: command not found
Tesseract Open Source OCR Engine v4.1.1 with Leptonica
Error, cannot read input file 20190404_ORDER.tiff: No such file or directory
Error during processing.
convert_pdfs.sh: line 13: convert: command not found
Tesseract Open Source OCR Engine v4.1.1 with Leptonica
Error, cannot read input file FORM_001.tiff: No such file or directory
Error during processing.
convert_pdfs.sh: line 13: convert: command not found
Tesseract Open Source OCR Engine v4.1.1 with Leptonica
Error, cannot read input file 20200617_III.tiff: No such file or directory
Error during processing.
convert_pdfs.sh: line 13: convert: command not found
Tesseract Open Source OCR Engine v4.1.1 with Leptonica
Error, cannot read input file III.tiff: No such file or directory
Error during processing.
convert_pdfs.sh: line 13: convert: command not found
Tesseract Open Source OCR Engine v4.1.1 with Leptonica
Error, cannot read input file mil.tiff: No such file or directory
Error during processing.
convert_pdfs.sh: line 13: convert: command not found
Tesseract Open Source OCR Engine v4.1.1 with Leptonica
Error, cannot read input file 11II.tiff: No such file or directory
Error during processing.
convert_pdfs.sh: line 13: convert: command not found
Tesseract Open Source OCR Engine v4.1.1 with Leptonica
Error, cannot read input file III!.tiff: No such file or directory
Error during processing.
convert_pdfs.sh: line 13: convert: command not found
Tesseract Open Source OCR Engine v4.1.1 with Leptonica
Error, cannot read input file IIII.tiff: No such file or directory
Error during processing.
convert_pdfs.sh: line 13: convert: command not found
Tesseract Open Source OCR Engine v4.1.1 with Leptonica
Error, cannot read input file III.tiff: No such file or directory
Error during processing.
convert_pdfs.sh: line 13: convert: command not found
Tesseract Open Source OCR Engine v4.1.1 with Leptonica
Error, cannot read input file 111.tiff: No such file or directory
Error during processing.
convert_pdfs.sh: line 13: convert: command not found
Tesseract Open Source OCR Engine v4.1.1 with Leptonica
Error, cannot read input file mil.tiff: No such file or directory
Error during processing.
convert_pdfs.sh: line 13: convert: command not found
Tesseract Open Source OCR Engine v4.1.1 with Leptonica
Error, cannot read input file IIIIII.tiff: No such file or directory
Error during processing.
convert_pdfs.sh: line 13: convert: command not found
Tesseract Open Source OCR Engine v4.1.1 with Leptonica
Error, cannot read input file III.tiff: No such file or directory
Error during processing.
convert_pdfs.sh: line 13: convert: command not found
Tesseract Open Source OCR Engine v4.1.1 with Leptonica
Error, cannot read input file 20200715_MPV.tiff: No such file or directory
Error during processing.
convert_pdfs.sh: line 13: convert: command not found
Tesseract Open Source OCR Engine v4.1.1 with Leptonica
Error, cannot read input file 20200715_Dear.tiff: No such file or directory
Error during processing.
convert_pdfs.sh: line 13: convert: command not found
Tesseract Open Source OCR Engine v4.1.1 with Leptonica
Error, cannot read input file Mr..tiff: No such file or directory
Error during processing.
convert_pdfs.sh: line 13: convert: command not found
Tesseract Open Source OCR Engine v4.1.1 with Leptonica
Error, cannot read input file Laurrell.tiff: No such file or directory
Error during processing.
convert_pdfs.sh: line 13: convert: command not found
Tesseract Open Source OCR Engine v4.1.1 with Leptonica
Error, cannot read input file Thank.tiff: No such file or directory
Error during processing.
convert_pdfs.sh: line 13: convert: command not found
Tesseract Open Source OCR Engine v4.1.1 with Leptonica
Error, cannot read input file you.tiff: No such file or directory
Error during processing.
convert_pdfs.sh: line 13: convert: command not found
Tesseract Open Source OCR Engine v4.1.1 with Leptonica
Error, cannot read input file for.tiff: No such file or directory
Error during processing.
convert_pdfs.sh: line 13: convert: command not found
Tesseract Open Source OCR Engine v4.1.1 with Leptonica
Error, cannot read input file talking.tiff: No such file or directory
Error during processing.
convert_pdfs.sh: line 13: convert: command not found
Tesseract Open Source OCR Engine v4.1.1 with Leptonica
Error, cannot read input file with.tiff: No such file or directory
Error during processing.
convert_pdfs.sh: line 13: convert: command not found
Tesseract Open Source OCR Engine v4.1.1 with Leptonica
Error, cannot read input file me.tiff: No such file or directory
Error during processing.
convert_pdfs.sh: line 13: convert: command not found
Tesseract Open Source OCR Engine v4.1.1 with Leptonica
Error, cannot read input file on.tiff: No such file or directory
Error during processing.
convert_pdfs.sh: line 13: convert: command not found
Tesseract Open Source OCR Engine v4.1.1 with Leptonica
Error, cannot read input file July.tiff: No such file or directory
Error during processing.
convert_pdfs.sh: line 13: convert: command not found
Tesseract Open Source OCR Engine v4.1.1 with Leptonica
Error, cannot read input file 20200715_ED.tiff: No such file or directory
Error during processing.
convert_pdfs.sh: line 13: convert: command not found
Tesseract Open Source OCR Engine v4.1.1 with Leptonica
Error, cannot read input file to.tiff: No such file or directory
Error during processing.
convert_pdfs.sh: line 13: convert: command not found
Tesseract Open Source OCR Engine v4.1.1 with Leptonica
Error, cannot read input file Hosp-Admission.tiff: No such file or directory
Error during processing.
convert_pdfs.sh: line 13: convert: command not found
Tesseract Open Source OCR Engine v4.1.1 with Leptonica
Error, cannot read input file (Discharged).tiff: No such file or directory
Error during processing.
convert_pdfs.sh: line 13: convert: command not found
Tesseract Open Source OCR Engine v4.1.1 with Leptonica
Error, cannot read input file on.tiff: No such file or directory
Error during processing.
convert_pdfs.sh: line 13: convert: command not found
Tesseract Open Source OCR Engine v4.1.1 with Leptonica
Error, cannot read input file 672020.tiff: No such file or directory
Error during processing.
convert_pdfs.sh: line 13: convert: command not found
Tesseract Open Source OCR Engine v4.1.1 with Leptonica
Error, cannot read input file 20200715_Phone.tiff: No such file or directory
Error during processing.
convert_pdfs.sh: line 13: convert: command not found
Tesseract Open Source OCR Engine v4.1.1 with Leptonica
Error, cannot read input file Triage.tiff: No such file or directory
Error during processing.
convert_pdfs.sh: line 13: convert: command not found
Tesseract Open Source OCR Engine v4.1.1 with Leptonica
Error, cannot read input file Nurse.tiff: No such file or directory
Error during processing.
convert_pdfs.sh: line 13: convert: command not found
Tesseract Open Source OCR Engine v4.1.1 with Leptonica
Error, cannot read input file 20200617_III.tiff: No such file or directory
Error during processing.
convert_pdfs.sh: line 13: convert: command not found
Tesseract Open Source OCR Engine v4.1.1 with Leptonica
Error, cannot read input file III.tiff: No such file or directory
Error during processing.
convert_pdfs.sh: line 13: convert: command not found
Tesseract Open Source OCR Engine v4.1.1 with Leptonica
Error, cannot read input file mil.tiff: No such file or directory
Error during processing.
convert_pdfs.sh: line 13: convert: command not found
Tesseract Open Source OCR Engine v4.1.1 with Leptonica
Error, cannot read input file 11II.tiff: No such file or directory
Error during processing.
convert_pdfs.sh: line 13: convert: command not found
Tesseract Open Source OCR Engine v4.1.1 with Leptonica
Error, cannot read input file III!.tiff: No such file or directory
Error during processing.
convert_pdfs.sh: line 13: convert: command not found
Tesseract Open Source OCR Engine v4.1.1 with Leptonica
Error, cannot read input file IIII.tiff: No such file or directory
Error during processing.
convert_pdfs.sh: line 13: convert: command not found
Tesseract Open Source OCR Engine v4.1.1 with Leptonica
Error, cannot read input file III.tiff: No such file or directory
Error during processing.
convert_pdfs.sh: line 13: convert: command not found
Tesseract Open Source OCR Engine v4.1.1 with Leptonica
Error, cannot read input file 111.tiff: No such file or directory
Error during processing.
convert_pdfs.sh: line 13: convert: command not found
Tesseract Open Source OCR Engine v4.1.1 with Leptonica
Error, cannot read input file mil.tiff: No such file or directory
Error during processing.
convert_pdfs.sh: line 13: convert: command not found
Tesseract Open Source OCR Engine v4.1.1 with Leptonica
Error, cannot read input file IIIIII.tiff: No such file or directory
Error during processing.
convert_pdfs.sh: line 13: convert: command not found
Tesseract Open Source OCR Engine v4.1.1 with Leptonica
Error, cannot read input file III_001.tiff: No such file or directory
Error during processing.
convert_pdfs.sh: line 13: convert: command not found
Tesseract Open Source OCR Engine v4.1.1 with Leptonica
Error, cannot read input file 20200715_FAX.tiff: No such file or directory
Error during processing.
convert_pdfs.sh: line 13: convert: command not found
Tesseract Open Source OCR Engine v4.1.1 with Leptonica
Error, cannot read input file MESSAGE.tiff: No such file or directory
Error during processing.
rm: 20200715_Health.tiff: No such file or directory
rm: Assessment.tiff: No such file or directory
rm: For.tiff: No such file or directory
rm: Women.tiff: No such file or directory
rm: (Female.tiff: No such file or directory
rm: Symptom.tiff: No such file or directory
rm: Questionnai.tiff: No such file or directory
rm: 20200703_Avastin.tiff: No such file or directory
rm: ®.tiff: No such file or directory
rm: 20200715_Atezolizumab.tiff: No such file or directory
rm: 20190404_ORDER.tiff: No such file or directory
rm: FORM_001.tiff: No such file or directory
rm: 20200617_III.tiff: No such file or directory
rm: III.tiff: No such file or directory
rm: mil.tiff: No such file or directory
rm: 11II.tiff: No such file or directory
rm: III!.tiff: No such file or directory
rm: IIII.tiff: No such file or directory
rm: III.tiff: No such file or directory
rm: 111.tiff: No such file or directory
rm: mil.tiff: No such file or directory
rm: IIIIII.tiff: No such file or directory
rm: III.tiff: No such file or directory
rm: 20200715_MPV.tiff: No such file or directory
rm: 20200715_Dear.tiff: No such file or directory
rm: Mr..tiff: No such file or directory
rm: Laurrell.tiff: No such file or directory
rm: Thank.tiff: No such file or directory
rm: you.tiff: No such file or directory
rm: for.tiff: No such file or directory
rm: talking.tiff: No such file or directory
rm: with.tiff: No such file or directory
rm: me.tiff: No such file or directory
rm: on.tiff: No such file or directory
rm: July.tiff: No such file or directory
rm: 20200715_ED.tiff: No such file or directory
rm: to.tiff: No such file or directory
rm: Hosp-Admission.tiff: No such file or directory
rm: (Discharged).tiff: No such file or directory
rm: on.tiff: No such file or directory
rm: 672020.tiff: No such file or directory
rm: 20200715_Phone.tiff: No such file or directory
rm: Triage.tiff: No such file or directory
rm: Nurse.tiff: No such file or directory
rm: 20200617_III.tiff: No such file or directory
rm: III.tiff: No such file or directory
rm: mil.tiff: No such file or directory
rm: 11II.tiff: No such file or directory
rm: III!.tiff: No such file or directory
rm: IIII.tiff: No such file or directory
rm: III.tiff: No such file or directory
rm: 111.tiff: No such file or directory
rm: mil.tiff: No such file or directory
rm: IIIIII.tiff: No such file or directory
rm: III_001.tiff: No such file or directory
rm: 20200715_FAX.tiff: No such file or directory
rm: MESSAGE.tiff: No such file or directory
convert_pdfs.sh: line 25: unexpected EOF while looking for matching `''
convert_pdfs.sh: line 27: syntax error: unexpected end of file
(venv) ➜  pdf-extraction git:(master) ✗ 

